0 info it worked if it ends with ok
1 verbose cli [ '/Users/francois/.nvm/versions/node/v6.9.2/bin/node',
1 verbose cli   '/Users/francois/.nvm/versions/node/v6.9.2/bin/npm',
1 verbose cli   'run',
1 verbose cli   'babelwatch' ]
2 info using npm@3.10.9
3 info using node@v6.9.2
4 verbose stack Error: missing script: babelwatch
4 verbose stack     at run (/Users/francois/.nvm/versions/node/v6.9.2/lib/node_modules/npm/lib/run-script.js:151:19)
4 verbose stack     at /Users/francois/.nvm/versions/node/v6.9.2/lib/node_modules/npm/lib/run-script.js:61:5
4 verbose stack     at /Users/francois/.nvm/versions/node/v6.9.2/lib/node_modules/npm/node_modules/read-package-json/read-json.js:356:5
4 verbose stack     at handleExists (/Users/francois/.nvm/versions/node/v6.9.2/lib/node_modules/npm/node_modules/read-package-json/read-json.js:329:20)
4 verbose stack     at FSReqWrap.cb [as oncomplete] (fs.js:257:19)
5 verbose cwd /Users/francois/Dev/reactors-cli
6 error Darwin 16.1.0
7 error argv "/Users/francois/.nvm/versions/node/v6.9.2/bin/node" "/Users/francois/.nvm/versions/node/v6.9.2/bin/npm" "run" "babelwatch"
8 error node v6.9.2
9 error npm  v3.10.9
10 error missing script: babelwatch
11 error If you need help, you may report this error at:
11 error     <https://github.com/npm/npm/issues>
12 verbose exit [ 1, true ]
